[2024-09-14T17:24:08.737+0000] {processor.py:161} INFO - Started process (PID=31136) to work on /home/airflow/.local/lib/python3.12/site-packages/airflow/example_dags/example_datasets.py
[2024-09-14T17:24:08.738+0000] {processor.py:830} INFO - Processing file /home/airflow/.local/lib/python3.12/site-packages/airflow/example_dags/example_datasets.py for tasks to queue
[2024-09-14T17:24:08.740+0000] {logging_mixin.py:188} INFO - [2024-09-14T17:24:08.740+0000] {dagbag.py:545} INFO - Filling up the DagBag from /home/airflow/.local/lib/python3.12/site-packages/airflow/example_dags/example_datasets.py
[2024-09-14T17:24:08.762+0000] {processor.py:840} INFO - DAG(s) 'dataset_produces_1', 'consume_1_or_both_2_and_3_with_dataset_expressions', 'dataset_consumes_1', 'dataset_consumes_unknown_never_scheduled', 'dataset_consumes_1_and_2', 'conditional_dataset_and_time_based_timetable', 'dataset_consumes_1_never_scheduled', 'dataset_produces_2', 'consume_1_and_2_with_dataset_expressions', 'consume_1_or_2_with_dataset_expressions' retrieved from /home/airflow/.local/lib/python3.12/site-packages/airflow/example_dags/example_datasets.py
[2024-09-14T17:24:08.843+0000] {logging_mixin.py:188} INFO - [2024-09-14T17:24:08.843+0000] {dag.py:3096} INFO - Sync 10 DAGs
[2024-09-14T17:24:08.885+0000] {logging_mixin.py:188} INFO - [2024-09-14T17:24:08.884+0000] {dag.py:3954} INFO - Setting next_dagrun for conditional_dataset_and_time_based_timetable to 2024-09-11 01:00:00+00:00, run_after=2024-09-11 01:00:00+00:00
[2024-09-14T17:24:08.891+0000] {logging_mixin.py:188} INFO - [2024-09-14T17:24:08.891+0000] {dag.py:3954} INFO - Setting next_dagrun for consume_1_and_2_with_dataset_expressions to None, run_after=None
[2024-09-14T17:24:08.893+0000] {logging_mixin.py:188} INFO - [2024-09-14T17:24:08.893+0000] {dag.py:3954} INFO - Setting next_dagrun for consume_1_or_2_with_dataset_expressions to None, run_after=None
[2024-09-14T17:24:08.895+0000] {logging_mixin.py:188} INFO - [2024-09-14T17:24:08.895+0000] {dag.py:3954} INFO - Setting next_dagrun for consume_1_or_both_2_and_3_with_dataset_expressions to None, run_after=None
[2024-09-14T17:24:08.899+0000] {logging_mixin.py:188} INFO - [2024-09-14T17:24:08.899+0000] {dag.py:3954} INFO - Setting next_dagrun for dataset_consumes_1 to None, run_after=None
[2024-09-14T17:24:08.901+0000] {logging_mixin.py:188} INFO - [2024-09-14T17:24:08.901+0000] {dag.py:3954} INFO - Setting next_dagrun for dataset_consumes_1_and_2 to None, run_after=None
[2024-09-14T17:24:08.903+0000] {logging_mixin.py:188} INFO - [2024-09-14T17:24:08.903+0000] {dag.py:3954} INFO - Setting next_dagrun for dataset_consumes_1_never_scheduled to None, run_after=None
[2024-09-14T17:24:08.906+0000] {logging_mixin.py:188} INFO - [2024-09-14T17:24:08.905+0000] {dag.py:3954} INFO - Setting next_dagrun for dataset_consumes_unknown_never_scheduled to None, run_after=None
[2024-09-14T17:24:08.909+0000] {logging_mixin.py:188} INFO - [2024-09-14T17:24:08.909+0000] {dag.py:3954} INFO - Setting next_dagrun for dataset_produces_1 to 2024-09-13 00:00:00+00:00, run_after=2024-09-14 00:00:00+00:00
[2024-09-14T17:24:08.911+0000] {logging_mixin.py:188} INFO - [2024-09-14T17:24:08.911+0000] {dag.py:3954} INFO - Setting next_dagrun for dataset_produces_2 to None, run_after=None
[2024-09-14T17:24:08.963+0000] {processor.py:183} INFO - Processing /home/airflow/.local/lib/python3.12/site-packages/airflow/example_dags/example_datasets.py took 0.234 seconds
[2024-09-14T17:24:39.231+0000] {processor.py:161} INFO - Started process (PID=31194) to work on /home/airflow/.local/lib/python3.12/site-packages/airflow/example_dags/example_datasets.py
[2024-09-14T17:24:39.232+0000] {processor.py:830} INFO - Processing file /home/airflow/.local/lib/python3.12/site-packages/airflow/example_dags/example_datasets.py for tasks to queue
[2024-09-14T17:24:39.234+0000] {logging_mixin.py:188} INFO - [2024-09-14T17:24:39.234+0000] {dagbag.py:545} INFO - Filling up the DagBag from /home/airflow/.local/lib/python3.12/site-packages/airflow/example_dags/example_datasets.py
[2024-09-14T17:24:39.253+0000] {processor.py:840} INFO - DAG(s) 'dataset_consumes_unknown_never_scheduled', 'conditional_dataset_and_time_based_timetable', 'dataset_consumes_1_and_2', 'dataset_consumes_1_never_scheduled', 'consume_1_and_2_with_dataset_expressions', 'consume_1_or_2_with_dataset_expressions', 'consume_1_or_both_2_and_3_with_dataset_expressions', 'dataset_produces_2', 'dataset_produces_1', 'dataset_consumes_1' retrieved from /home/airflow/.local/lib/python3.12/site-packages/airflow/example_dags/example_datasets.py
[2024-09-14T17:24:39.323+0000] {logging_mixin.py:188} INFO - [2024-09-14T17:24:39.323+0000] {dag.py:3096} INFO - Sync 10 DAGs
[2024-09-14T17:24:39.361+0000] {logging_mixin.py:188} INFO - [2024-09-14T17:24:39.361+0000] {dag.py:3954} INFO - Setting next_dagrun for conditional_dataset_and_time_based_timetable to 2024-09-11 01:00:00+00:00, run_after=2024-09-11 01:00:00+00:00
[2024-09-14T17:24:39.367+0000] {logging_mixin.py:188} INFO - [2024-09-14T17:24:39.367+0000] {dag.py:3954} INFO - Setting next_dagrun for consume_1_and_2_with_dataset_expressions to None, run_after=None
[2024-09-14T17:24:39.369+0000] {logging_mixin.py:188} INFO - [2024-09-14T17:24:39.369+0000] {dag.py:3954} INFO - Setting next_dagrun for consume_1_or_2_with_dataset_expressions to None, run_after=None
[2024-09-14T17:24:39.371+0000] {logging_mixin.py:188} INFO - [2024-09-14T17:24:39.371+0000] {dag.py:3954} INFO - Setting next_dagrun for consume_1_or_both_2_and_3_with_dataset_expressions to None, run_after=None
[2024-09-14T17:24:39.373+0000] {logging_mixin.py:188} INFO - [2024-09-14T17:24:39.373+0000] {dag.py:3954} INFO - Setting next_dagrun for dataset_consumes_1 to None, run_after=None
[2024-09-14T17:24:39.375+0000] {logging_mixin.py:188} INFO - [2024-09-14T17:24:39.375+0000] {dag.py:3954} INFO - Setting next_dagrun for dataset_consumes_1_and_2 to None, run_after=None
[2024-09-14T17:24:39.377+0000] {logging_mixin.py:188} INFO - [2024-09-14T17:24:39.377+0000] {dag.py:3954} INFO - Setting next_dagrun for dataset_consumes_1_never_scheduled to None, run_after=None
[2024-09-14T17:24:39.379+0000] {logging_mixin.py:188} INFO - [2024-09-14T17:24:39.379+0000] {dag.py:3954} INFO - Setting next_dagrun for dataset_consumes_unknown_never_scheduled to None, run_after=None
[2024-09-14T17:24:39.383+0000] {logging_mixin.py:188} INFO - [2024-09-14T17:24:39.383+0000] {dag.py:3954} INFO - Setting next_dagrun for dataset_produces_1 to 2024-09-13 00:00:00+00:00, run_after=2024-09-14 00:00:00+00:00
[2024-09-14T17:24:39.385+0000] {logging_mixin.py:188} INFO - [2024-09-14T17:24:39.385+0000] {dag.py:3954} INFO - Setting next_dagrun for dataset_produces_2 to None, run_after=None
[2024-09-14T17:24:39.436+0000] {processor.py:183} INFO - Processing /home/airflow/.local/lib/python3.12/site-packages/airflow/example_dags/example_datasets.py took 0.213 seconds
