[2024-09-14T17:24:10.142+0000] {processor.py:161} INFO - Started process (PID=31141) to work on /home/airflow/.local/lib/python3.12/site-packages/airflow/example_dags/example_subdag_operator.py
[2024-09-14T17:24:10.143+0000] {processor.py:830} INFO - Processing file /home/airflow/.local/lib/python3.12/site-packages/airflow/example_dags/example_subdag_operator.py for tasks to queue
[2024-09-14T17:24:10.145+0000] {logging_mixin.py:188} INFO - [2024-09-14T17:24:10.144+0000] {dagbag.py:545} INFO - Filling up the DagBag from /home/airflow/.local/lib/python3.12/site-packages/airflow/example_dags/example_subdag_operator.py
[2024-09-14T17:24:10.175+0000] {processor.py:840} INFO - DAG(s) 'example_subdag_operator.section-1', 'example_subdag_operator.section-2', 'example_subdag_operator' retrieved from /home/airflow/.local/lib/python3.12/site-packages/airflow/example_dags/example_subdag_operator.py
[2024-09-14T17:24:10.196+0000] {logging_mixin.py:188} INFO - [2024-09-14T17:24:10.196+0000] {dag.py:3096} INFO - Sync 3 DAGs
[2024-09-14T17:24:10.226+0000] {logging_mixin.py:188} INFO - [2024-09-14T17:24:10.225+0000] {dag.py:3954} INFO - Setting next_dagrun for example_subdag_operator to 2022-01-01 00:00:00+00:00, run_after=2022-01-01 00:00:00+00:00
[2024-09-14T17:24:10.231+0000] {logging_mixin.py:188} INFO - [2024-09-14T17:24:10.231+0000] {dag.py:3954} INFO - Setting next_dagrun for example_subdag_operator.section-1 to None, run_after=None
[2024-09-14T17:24:10.233+0000] {logging_mixin.py:188} INFO - [2024-09-14T17:24:10.233+0000] {dag.py:3954} INFO - Setting next_dagrun for example_subdag_operator.section-2 to None, run_after=None
[2024-09-14T17:24:10.244+0000] {logging_mixin.py:188} INFO - [2024-09-14T17:24:10.244+0000] {dag.py:3096} INFO - Sync 2 DAGs
[2024-09-14T17:24:10.252+0000] {logging_mixin.py:188} INFO - [2024-09-14T17:24:10.252+0000] {dag.py:3954} INFO - Setting next_dagrun for example_subdag_operator.section-1 to None, run_after=None
[2024-09-14T17:24:10.253+0000] {logging_mixin.py:188} INFO - [2024-09-14T17:24:10.253+0000] {dag.py:3954} INFO - Setting next_dagrun for example_subdag_operator.section-2 to None, run_after=None
[2024-09-14T17:24:10.267+0000] {processor.py:183} INFO - Processing /home/airflow/.local/lib/python3.12/site-packages/airflow/example_dags/example_subdag_operator.py took 0.133 seconds
[2024-09-14T17:24:40.614+0000] {processor.py:161} INFO - Started process (PID=31199) to work on /home/airflow/.local/lib/python3.12/site-packages/airflow/example_dags/example_subdag_operator.py
[2024-09-14T17:24:40.615+0000] {processor.py:830} INFO - Processing file /home/airflow/.local/lib/python3.12/site-packages/airflow/example_dags/example_subdag_operator.py for tasks to queue
[2024-09-14T17:24:40.618+0000] {logging_mixin.py:188} INFO - [2024-09-14T17:24:40.617+0000] {dagbag.py:545} INFO - Filling up the DagBag from /home/airflow/.local/lib/python3.12/site-packages/airflow/example_dags/example_subdag_operator.py
[2024-09-14T17:24:40.647+0000] {processor.py:840} INFO - DAG(s) 'example_subdag_operator.section-1', 'example_subdag_operator.section-2', 'example_subdag_operator' retrieved from /home/airflow/.local/lib/python3.12/site-packages/airflow/example_dags/example_subdag_operator.py
[2024-09-14T17:24:40.668+0000] {logging_mixin.py:188} INFO - [2024-09-14T17:24:40.668+0000] {dag.py:3096} INFO - Sync 3 DAGs
[2024-09-14T17:24:40.697+0000] {logging_mixin.py:188} INFO - [2024-09-14T17:24:40.697+0000] {dag.py:3954} INFO - Setting next_dagrun for example_subdag_operator to 2022-01-01 00:00:00+00:00, run_after=2022-01-01 00:00:00+00:00
[2024-09-14T17:24:40.703+0000] {logging_mixin.py:188} INFO - [2024-09-14T17:24:40.703+0000] {dag.py:3954} INFO - Setting next_dagrun for example_subdag_operator.section-1 to None, run_after=None
[2024-09-14T17:24:40.705+0000] {logging_mixin.py:188} INFO - [2024-09-14T17:24:40.705+0000] {dag.py:3954} INFO - Setting next_dagrun for example_subdag_operator.section-2 to None, run_after=None
[2024-09-14T17:24:40.717+0000] {logging_mixin.py:188} INFO - [2024-09-14T17:24:40.716+0000] {dag.py:3096} INFO - Sync 2 DAGs
[2024-09-14T17:24:40.725+0000] {logging_mixin.py:188} INFO - [2024-09-14T17:24:40.725+0000] {dag.py:3954} INFO - Setting next_dagrun for example_subdag_operator.section-1 to None, run_after=None
[2024-09-14T17:24:40.726+0000] {logging_mixin.py:188} INFO - [2024-09-14T17:24:40.725+0000] {dag.py:3954} INFO - Setting next_dagrun for example_subdag_operator.section-2 to None, run_after=None
[2024-09-14T17:24:40.739+0000] {processor.py:183} INFO - Processing /home/airflow/.local/lib/python3.12/site-packages/airflow/example_dags/example_subdag_operator.py took 0.133 seconds
